[2025-08-11 14:18:21] Welcome!
[2025-08-11 14:18:21] Logger started, logging into `/home/teddy/local/TKG-DTI/workflow/scripts/pypath_log/pypath-p1ymb.log`.
[2025-08-11 14:18:21] Session `p1ymb` started.
[2025-08-11 14:18:21] Config has been read from the following files:
[2025-08-11 14:18:21]   - /home/teddy/miniconda3/envs/tkgdti/lib/python3.12/site-packages/pypath_common/data/settings.yaml
[2025-08-11 14:18:21] [pypath] 
	- session ID: `p1ymb`
	- working directory: `/home/teddy/local/TKG-DTI/workflow/scripts`
	- logfile: `/home/teddy/local/TKG-DTI/workflow/scripts/pypath_log/pypath-p1ymb.log`
	- config: 
		- /home/teddy/miniconda3/envs/tkgdti/lib/python3.12/site-packages/pypath_common/data/settings.yaml
	- pypath version: 0.16.20
	- imported from: `/home/teddy/miniconda3/envs/tkgdti/lib/python3.12/site-packages/pypath`
	- Python version: 3.12.11 | packaged by conda-forge | (main, Jun  4 2025, 14:45:31) [GCC 13.3.0]
	- Platform: Linux-6.6.87.2-microsoft-standard-WSL2-x86_64-with-glibc2.31
[2025-08-11 14:18:22] [pypath] pypath
[2025-08-11 14:18:22] [curl] Creating Curl object to retrieve data from `https://www.ebi.ac.uk/unichem/api/v1/sources/`
[2025-08-11 14:18:22] [curl] Cache file path: `/home/teddy/.cache/pypath/b2a060ead30932cabb4a6e993539989e-`
[2025-08-11 14:18:22] [curl] Cache file found, no need for download.
[2025-08-11 14:18:22] [curl] Loading data from cache previously downloaded from `www.ebi.ac.uk`
[2025-08-11 14:18:22] [curl] Opening file `/home/teddy/.cache/pypath/b2a060ead30932cabb4a6e993539989e-`
[2025-08-11 14:18:22] [curl] Extracting data from file type `plain`
[2025-08-11 14:18:22] [curl] Opening plain text file `/home/teddy/.cache/pypath/b2a060ead30932cabb4a6e993539989e-`.
[2025-08-11 14:18:22] [curl] Contents of `/home/teddy/.cache/pypath/b2a060ead30932cabb4a6e993539989e-` has been read and the file has been closed.
[2025-08-11 14:18:22] [curl] File at `https://www.ebi.ac.uk/unichem/api/v1/sources/` successfully retrieved. Resulted file type `plain text, unicode string`. Local file at
                      `/home/teddy/.cache/pypath/b2a060ead30932cabb4a6e993539989e-`.
[2025-08-11 14:18:23] [curl] Creating Curl object to retrieve data from `https://www.ensembl.org/info/about/species.html`
[2025-08-11 14:18:23] [curl] Cache file path: `/home/teddy/.cache/pypath/535b06d53a59e75bb693369bc5fdc556-species.html`
[2025-08-11 14:18:23] [curl] Cache file found, no need for download.
[2025-08-11 14:18:23] [curl] Opening plain text file `/home/teddy/.cache/pypath/535b06d53a59e75bb693369bc5fdc556-species.html`.
[2025-08-11 14:18:23] [curl] Contents of `/home/teddy/.cache/pypath/535b06d53a59e75bb693369bc5fdc556-species.html` has been read and the file has been closed.
[2025-08-11 14:18:23] [curl] Creating Curl object to retrieve data from `https://www.ensembl.org/info/about/species.html`
[2025-08-11 14:18:23] [curl] Cache file path: `/home/teddy/.cache/pypath/535b06d53a59e75bb693369bc5fdc556-species.html`
[2025-08-11 14:18:23] [curl] Cache file found, no need for download.
[2025-08-11 14:18:23] [curl] Opening plain text file `/home/teddy/.cache/pypath/535b06d53a59e75bb693369bc5fdc556-species.html`.
[2025-08-11 14:18:23] [curl] Contents of `/home/teddy/.cache/pypath/535b06d53a59e75bb693369bc5fdc556-species.html` has been read and the file has been closed.
[2025-08-11 14:18:23] [curl] Creating Curl object to retrieve data from `https://www.ensembl.org/info/about/species.html`
[2025-08-11 14:18:23] [curl] Cache file path: `/home/teddy/.cache/pypath/535b06d53a59e75bb693369bc5fdc556-species.html`
[2025-08-11 14:18:23] [curl] Cache file found, no need for download.
[2025-08-11 14:18:23] [curl] Opening plain text file `/home/teddy/.cache/pypath/535b06d53a59e75bb693369bc5fdc556-species.html`.
[2025-08-11 14:18:23] [curl] Contents of `/home/teddy/.cache/pypath/535b06d53a59e75bb693369bc5fdc556-species.html` has been read and the file has been closed.
[2025-08-11 14:18:25] [pypath] pypath
[2025-08-11 14:18:25] [curl] Creating Curl object to retrieve data from `https://www.ebi.ac.uk/unichem/api/v1/sources/`
[2025-08-11 14:18:25] [curl] Cache file path: `/home/teddy/.cache/pypath/b2a060ead30932cabb4a6e993539989e-`
[2025-08-11 14:18:25] [curl] Cache file found, no need for download.
[2025-08-11 14:18:25] [curl] Loading data from cache previously downloaded from `www.ebi.ac.uk`
[2025-08-11 14:18:25] [curl] Opening file `/home/teddy/.cache/pypath/b2a060ead30932cabb4a6e993539989e-`
[2025-08-11 14:18:25] [curl] Extracting data from file type `plain`
[2025-08-11 14:18:25] [curl] Opening plain text file `/home/teddy/.cache/pypath/b2a060ead30932cabb4a6e993539989e-`.
[2025-08-11 14:18:25] [curl] Contents of `/home/teddy/.cache/pypath/b2a060ead30932cabb4a6e993539989e-` has been read and the file has been closed.
[2025-08-11 14:18:25] [curl] File at `https://www.ebi.ac.uk/unichem/api/v1/sources/` successfully retrieved. Resulted file type `plain text, unicode string`. Local file at
                      `/home/teddy/.cache/pypath/b2a060ead30932cabb4a6e993539989e-`.
[2025-08-11 14:18:25] [ramp] Loading RaMP the list of ID types from `https://rampdb.nih.gov/api/id-types`.
[2025-08-11 14:18:25] [curl] Creating Curl object to retrieve data from `https://rampdb.nih.gov/api/id-types`
[2025-08-11 14:18:25] [curl] Cache file path: `/home/teddy/.cache/pypath/c058901753f61743bf55db935731cff1-id-types`
[2025-08-11 14:18:25] [curl] Cache file found, no need for download.
[2025-08-11 14:18:25] [curl] Opening plain text file `/home/teddy/.cache/pypath/c058901753f61743bf55db935731cff1-id-types`.
[2025-08-11 14:18:25] [curl] Contents of `/home/teddy/.cache/pypath/c058901753f61743bf55db935731cff1-id-types` has been read and the file has been closed.
[2025-08-11 14:18:25] [network_resources] Could not find data model for resource `Negatome` in set `negative`.
[2025-08-11 14:18:25] [network_resources] Could not find data model for resource `ORegAnno` in set `transcription_deprecated`.
[2025-08-11 14:18:25] [resource_controller] Loading resource information from JSON file: /home/teddy/miniconda3/envs/tkgdti/lib/python3.12/site-packages/pypath/resources/data/resources.json
[2025-08-11 14:18:25] [resource_controller] Resource information has been read from `/home/teddy/miniconda3/envs/tkgdti/lib/python3.12/site-packages/pypath/resources/data/resources.json`.
[2025-08-11 14:18:25] [licenses] Populating license database from directory `/home/teddy/miniconda3/envs/tkgdti/lib/python3.12/site-packages/pypath/data/licenses`.
[2025-08-11 14:18:25] [licenses] Added license `CC BY-SA 2.5` (purpose = commercial, sharing = alike, attrib = attrib).
[2025-08-11 14:18:25] [licenses] Added license `CC BY-NC 2.0` (purpose = academic, sharing = free, attrib = attrib).
[2025-08-11 14:18:25] [licenses] Added license `CC BY-NC-ND 4.0` (purpose = academic, sharing = noderiv, attrib = attrib).
[2025-08-11 14:18:25] [licenses] Added license `AFL 3.0` (purpose = academic, sharing = alike, attrib = attrib).
[2025-08-11 14:18:25] [licenses] Added license `NAR Open Access` (purpose = commercial, sharing = alike, attrib = attrib).
[2025-08-11 14:18:25] [licenses] Added license `CC BY-NC-SA 4.0` (purpose = academic, sharing = alike, attrib = attrib).
[2025-08-11 14:18:25] [licenses] Added license `Apache 2.0` (purpose = commercial, sharing = alike, attrib = attrib).
[2025-08-11 14:18:25] [licenses] Added license `EUL` (purpose = academic, sharing = alike, attrib = attrib).
[2025-08-11 14:18:25] [licenses] Added license `CC BY 2.5` (purpose = commercial, sharing = free, attrib = attrib).
[2025-08-11 14:18:25] [licenses] Added license `CellCellInteractions` (purpose = non_profit, sharing = alike, attrib = attrib).
[2025-08-11 14:18:25] [licenses] Added license `BioCarta` (purpose = academic, sharing = alike, attrib = attrib).
[2025-08-11 14:18:25] [licenses] Added license `PathwayCommons` (purpose = academic, sharing = alike, attrib = attrib).
[2025-08-11 14:18:25] [licenses] Added license `LGPLv3` (purpose = commercial, sharing = free, attrib = attrib).
[2025-08-11 14:18:25] [licenses] Added license `PDB` (purpose = commercial, sharing = free, attrib = attrib).
[2025-08-11 14:18:25] [licenses] Added license `CC BY 3.0` (purpose = commercial, sharing = free, attrib = attrib).
[2025-08-11 14:18:25] [licenses] Added license `No license` (purpose = ignore, sharing = ignore, attrib = attrib).
[2025-08-11 14:18:25] [licenses] Added license `DSL` (purpose = commercial, sharing = alike, attrib = attrib).
[2025-08-11 14:18:25] [licenses] Added license `miRTarBase` (purpose = academic, sharing = free, attrib = attrib).
[2025-08-11 14:18:25] [licenses] Added license `GPLv3` (purpose = commercial, sharing = alike, attrib = attrib).
[2025-08-11 14:18:25] [licenses] Added license `PhosphoNetworks` (purpose = non_profit, sharing = alike, attrib = attrib).
[2025-08-11 14:18:25] [licenses] Added license `MIT` (purpose = commercial, sharing = free, attrib = attrib).
[2025-08-11 14:18:25] [licenses] Added license `CC BY-NC-ND 3.0` (purpose = nonprofit, sharing = noderiv, attrib = attrib).
[2025-08-11 14:18:25] [licenses] Added license `CC BY-SA 4.0` (purpose = commercial, sharing = alike, attrib = attrib).
[2025-08-11 14:18:25] [licenses] Added license `MPPI` (purpose = commercial, sharing = free, attrib = attrib).
[2025-08-11 14:18:25] [licenses] Added license `CC BY-NC-SA 3.0` (purpose = academic, sharing = alike, attrib = attrib).
[2025-08-11 14:18:25] [licenses] Added license `CC BY-NC 4.0` (purpose = academic, sharing = free, attrib = attrib).
[2025-08-11 14:18:25] [licenses] Added license `CytoSig` (purpose = non_profit, sharing = alike, attrib = attrib).
[2025-08-11 14:18:25] [licenses] Added license `Kinase.com` (purpose = non_profit, sharing = alike, attrib = attrib).
[2025-08-11 14:18:25] [licenses] Added license `CC BY-SA 3.0` (purpose = commercial, sharing = alike, attrib = attrib).
[2025-08-11 14:18:25] [licenses] Added license `HPO` (purpose = academic, sharing = alike, attrib = attrib).
[2025-08-11 14:18:25] [licenses] Added license `CC BY 4.0` (purpose = commercial, sharing = free, attrib = attrib).
[2025-08-11 14:18:25] [licenses] Added license `CC BY-ND 4.0` (purpose = commercial, sharing = noderiv, attrib = attrib).
[2025-08-11 14:18:25] [licenses] Added license `Artistic-2.0` (purpose = commercial, sharing = alike, attrib = attrib).
[2025-08-11 14:18:25] [licenses] Added license `HPRD` (purpose = academic, sharing = free, attrib = attrib).
[2025-08-11 14:18:25] [licenses] Added license `Informal` (purpose = commercial, sharing = free, attrib = attrib).
[2025-08-11 14:18:25] [licenses] Added license `Unspecified NC-SA` (purpose = academic, sharing = alike, attrib = attrib).
[2025-08-11 14:18:25] [licenses] Added license `CC0 1.0` (purpose = commercial, sharing = free, attrib = noattrib).
[2025-08-11 14:18:25] [licenses] Added license `OpenTargets` (purpose = academic, sharing = free, attrib = attrib).
[2025-08-11 14:18:25] [licenses] Added license `GPLv2` (purpose = commercial, sharing = alike, attrib = attrib).
[2025-08-11 14:18:25] [licenses] Added license `miRecords` (purpose = commercial, sharing = free, attrib = attrib).
[2025-08-11 14:18:25] [licenses] Added license `HGNC` (purpose = commercial, sharing = free, attrib = attrib).
[2025-08-11 14:18:25] [licenses] Added license `CC BY-ND 3.0` (purpose = commercial, sharing = noderiv, attrib = attrib).
[2025-08-11 14:18:25] [licenses] Added license `Composite` (purpose = composite, sharing = composite, attrib = attrib).
[2025-08-11 14:18:25] [licenses] Added license `CC BY-NC 3.0` (purpose = academic, sharing = free, attrib = attrib).
[2025-08-11 14:18:25] [licenses] Added license `EMBL-EBI` (purpose = academic, sharing = free, attrib = attrib).
[2025-08-11 14:18:25] [licenses] Added license `I2D` (purpose = academic, sharing = free, attrib = attrib).
[2025-08-11 14:18:25] [licenses] Added license `COSMIC` (purpose = academic, sharing = free, attrib = attrib).
[2025-08-11 14:18:25] [licenses] Added license `ELM` (purpose = academic, sharing = free, attrib = attrib).
[2025-08-11 14:18:25] [licenses] Added license `KEGG` (purpose = ignore, sharing = ignore, attrib = attrib).
[2025-08-11 14:18:25] [licenses] Added license `BSD` (purpose = commercial, sharing = alike, attrib = attrib).
[2025-08-11 14:18:25] [resource_controller] Updating resource license information.
[2025-08-11 14:18:25] [resource_controller] No license for resource `3DComplex`.
[2025-08-11 14:18:25] [resource_controller] Could not find resource `Vidal HI-III`.
[2025-08-11 14:18:25] [resource_controller] Could not find resource `HumanSignalingNetwork`.
[2025-08-11 14:18:25] [resource_controller] Could not find resource `HI-union`.
[2025-08-11 14:18:25] [resource_controller] Could not find resource `CPDB`.
[2025-08-11 14:18:25] [resource_controller] Could not find resource `Laudanna-effects`.
[2025-08-11 14:18:25] [resource_controller] Could not find resource `Laudanna-directions`.
[2025-08-11 14:18:25] [resource_controller] Could not find resource `reaction resources`.
[2025-08-11 14:19:13] [mapping] Requested to load ID translation table from `genesymbol` to `uniprot`, organism: 9606.
[2025-08-11 14:19:13] [mapping] Chosen built-in defined ID translation table: resource=uniprot, id_type_a=genesymbol, id_type_b=uniprot
[2025-08-11 14:19:13] [mapping] Loading mapping table for organism `9606` with identifiers `genesymbol` and `uniprot`, input type `uniprot`
[2025-08-11 14:19:13] [mapping] Reader created for ID translation table, parameters: `ncbi_tax_id=9606, id_a=genesymbol, id_b=uniprot, load_a_to_b=1, load_b_to_a=0, input_type=uniprot (UniprotMapping)`.
[2025-08-11 14:19:13] [mapping] Loading `genesymbol` to `uniprot` mapping table from pickle file `/home/teddy/.cache/pypath/4e20a25d4c5462ea0850dc023e28a5dd`.
[2025-08-11 14:19:13] [mapping] Sucessfully loaded mapping table for organism `9606` with identifiers `genesymbol` to `uniprot`.
[2025-08-11 14:19:13] [mapping] Requested to load ID translation table from `uniprot-sec` to `uniprot-pri`, organism: 9606.
[2025-08-11 14:19:13] [mapping] Chosen built-in defined ID translation table: resource=basic, id_type_a=uniprot-sec, id_type_b=uniprot-pri
[2025-08-11 14:19:13] [inputs] Selecting input method (step 1): module `uniprot.get_uniprot_sec`, method `None`.
[2025-08-11 14:19:13] [inputs] Selecting input method (step 2): module `pypath.inputs.uniprot`, method `get_uniprot_sec`.
[2025-08-11 14:19:13] [inputs] Importing module `pypath.inputs.uniprot`.
[2025-08-11 14:19:13] [mapping] Loading mapping table for organism `9606` with identifiers `uniprot-sec` and `uniprot-pri`, input type `file`
[2025-08-11 14:19:13] [mapping] Reader created for ID translation table, parameters: `ncbi_tax_id=9606, id_a=uniprot-sec, id_b=uniprot-pri, load_a_to_b=1, load_b_to_a=0, input_type=file (FileMapping)`.
[2025-08-11 14:19:14] [mapping] Loading `uniprot-sec` to `uniprot-pri` mapping table from pickle file `/home/teddy/.cache/pypath/bcdb870979dd49eee31bbdea058709d2`.
[2025-08-11 14:19:14] [mapping] Sucessfully loaded mapping table for organism `9606` with identifiers `uniprot-sec` to `uniprot-pri`.
[2025-08-11 14:19:14] [mapping] Requested to load ID translation table from `trembl` to `genesymbol`, organism: 9606.
[2025-08-11 14:19:14] [mapping] Chosen built-in defined ID translation table: resource=basic, id_type_a=genesymbol, id_type_b=trembl
[2025-08-11 14:19:14] [mapping] Loading mapping table for organism `9606` with identifiers `genesymbol` and `trembl`, input type `uniprot`
[2025-08-11 14:19:14] [mapping] Reader created for ID translation table, parameters: `ncbi_tax_id=9606, id_a=genesymbol, id_b=trembl, load_a_to_b=0, load_b_to_a=1, input_type=uniprot (UniprotMapping)`.
[2025-08-11 14:19:14] [mapping] Loading `genesymbol` to `trembl` mapping table from pickle file `/home/teddy/.cache/pypath/1c4c5ffe855c03ae65e4b9ea7cfa56fa`.
[2025-08-11 14:19:14] [mapping] Sucessfully loaded mapping table for organism `9606` with identifiers `trembl` to `genesymbol`.
[2025-08-11 14:19:14] [mapping] Requested to load ID translation table from `genesymbol` to `swissprot`, organism: 9606.
[2025-08-11 14:19:14] [mapping] Chosen built-in defined ID translation table: resource=basic, id_type_a=genesymbol, id_type_b=swissprot
[2025-08-11 14:19:14] [mapping] Loading mapping table for organism `9606` with identifiers `genesymbol` and `swissprot`, input type `uniprot`
[2025-08-11 14:19:14] [mapping] Reader created for ID translation table, parameters: `ncbi_tax_id=9606, id_a=genesymbol, id_b=swissprot, load_a_to_b=1, load_b_to_a=0, input_type=uniprot (UniprotMapping)`.
[2025-08-11 14:19:14] [mapping] Loading `genesymbol` to `swissprot` mapping table from pickle file `/home/teddy/.cache/pypath/dc6abdb7c49e4ecad07f4f7b9f93f0fd`.
[2025-08-11 14:19:14] [mapping] Sucessfully loaded mapping table for organism `9606` with identifiers `genesymbol` to `swissprot`.
[2025-08-11 14:19:14] [uniprot_db] Loading list of all UniProt IDs for organism `9606` (only SwissProt: None).
[2025-08-11 14:19:14] [curl] Creating Curl object to retrieve data from `https://rest.uniprot.org/uniprotkb/stream`
[2025-08-11 14:19:14] [curl] GET parameters added to the URL: `query=organism_id%3A9606&format=tsv&fields=accession`
[2025-08-11 14:19:14] [curl] Cache file path: `/home/teddy/.cache/pypath/fb5c357aad69910705244a5afddde059-stream`
[2025-08-11 14:19:14] [curl] Cache file found, no need for download.
[2025-08-11 14:19:14] [curl] Loading data from cache previously downloaded from `rest.uniprot.org`
[2025-08-11 14:19:14] [curl] Opening file `/home/teddy/.cache/pypath/fb5c357aad69910705244a5afddde059-stream`
[2025-08-11 14:19:14] [curl] Extracting data from file type `plain`
[2025-08-11 14:19:14] [curl] Opening plain text file `/home/teddy/.cache/pypath/fb5c357aad69910705244a5afddde059-stream`.
[2025-08-11 14:19:14] [curl] Contents of `/home/teddy/.cache/pypath/fb5c357aad69910705244a5afddde059-stream` has been read and the file has been closed.
[2025-08-11 14:19:14] [curl] File at `https://rest.uniprot.org/uniprotkb/stream?query=organism_id%3A9606&format=tsv&fields=accession` successfully retrieved. Resulted file type `plain text, unicode string`. Local file at
                      `/home/teddy/.cache/pypath/fb5c357aad69910705244a5afddde059-stream`.
