[2025-08-07 11:18:32] Welcome!
[2025-08-07 11:18:32] Logger started, logging into `/home/teddy/local/TKG-DTI/workflow/scripts/pypath_log/pypath-78s5f.log`.
[2025-08-07 11:18:32] Session `78s5f` started.
[2025-08-07 11:18:32] Config has been read from the following files:
[2025-08-07 11:18:32]   - /home/teddy/miniconda3/envs/tkgdti/lib/python3.12/site-packages/pypath_common/data/settings.yaml
[2025-08-07 11:18:33] [pypath] 
	- session ID: `78s5f`
	- working directory: `/home/teddy/local/TKG-DTI/workflow/scripts`
	- logfile: `/home/teddy/local/TKG-DTI/workflow/scripts/pypath_log/pypath-78s5f.log`
	- config: 
		- /home/teddy/miniconda3/envs/tkgdti/lib/python3.12/site-packages/pypath_common/data/settings.yaml
	- pypath version: 0.16.20
	- imported from: `/home/teddy/miniconda3/envs/tkgdti/lib/python3.12/site-packages/pypath`
	- Python version: 3.12.3 | packaged by conda-forge | (main, Apr 15 2024, 18:38:13) [GCC 12.3.0]
	- Platform: Linux-6.6.87.2-microsoft-standard-WSL2-x86_64-with-glibc2.31
[2025-08-07 11:18:33] [pypath] pypath
[2025-08-07 11:18:34] [curl] Creating Curl object to retrieve data from `https://www.ebi.ac.uk/unichem/api/v1/sources/`
[2025-08-07 11:18:34] [curl] Cache file path: `/home/teddy/.cache/pypath/b2a060ead30932cabb4a6e993539989e-`
[2025-08-07 11:18:34] [curl] Cache file found, no need for download.
[2025-08-07 11:18:34] [curl] Loading data from cache previously downloaded from `www.ebi.ac.uk`
[2025-08-07 11:18:34] [curl] Opening file `/home/teddy/.cache/pypath/b2a060ead30932cabb4a6e993539989e-`
[2025-08-07 11:18:34] [curl] Extracting data from file type `plain`
[2025-08-07 11:18:34] [curl] Opening plain text file `/home/teddy/.cache/pypath/b2a060ead30932cabb4a6e993539989e-`.
[2025-08-07 11:18:34] [curl] Contents of `/home/teddy/.cache/pypath/b2a060ead30932cabb4a6e993539989e-` has been read and the file has been closed.
[2025-08-07 11:18:34] [curl] File at `https://www.ebi.ac.uk/unichem/api/v1/sources/` successfully retrieved. Resulted file type `plain text, unicode string`. Local file at
                      `/home/teddy/.cache/pypath/b2a060ead30932cabb4a6e993539989e-`.
[2025-08-07 11:18:34] [curl] Creating Curl object to retrieve data from `https://www.ensembl.org/info/about/species.html`
[2025-08-07 11:18:34] [curl] Cache file path: `/home/teddy/.cache/pypath/535b06d53a59e75bb693369bc5fdc556-species.html`
[2025-08-07 11:18:34] [curl] Cache file found, no need for download.
[2025-08-07 11:18:34] [curl] Opening plain text file `/home/teddy/.cache/pypath/535b06d53a59e75bb693369bc5fdc556-species.html`.
[2025-08-07 11:18:34] [curl] Contents of `/home/teddy/.cache/pypath/535b06d53a59e75bb693369bc5fdc556-species.html` has been read and the file has been closed.
[2025-08-07 11:18:35] [curl] Creating Curl object to retrieve data from `https://www.ensembl.org/info/about/species.html`
[2025-08-07 11:18:35] [curl] Cache file path: `/home/teddy/.cache/pypath/535b06d53a59e75bb693369bc5fdc556-species.html`
[2025-08-07 11:18:35] [curl] Cache file found, no need for download.
[2025-08-07 11:18:35] [curl] Opening plain text file `/home/teddy/.cache/pypath/535b06d53a59e75bb693369bc5fdc556-species.html`.
[2025-08-07 11:18:35] [curl] Contents of `/home/teddy/.cache/pypath/535b06d53a59e75bb693369bc5fdc556-species.html` has been read and the file has been closed.
[2025-08-07 11:18:35] [curl] Creating Curl object to retrieve data from `https://www.ensembl.org/info/about/species.html`
[2025-08-07 11:18:35] [curl] Cache file path: `/home/teddy/.cache/pypath/535b06d53a59e75bb693369bc5fdc556-species.html`
[2025-08-07 11:18:35] [curl] Cache file found, no need for download.
[2025-08-07 11:18:35] [curl] Opening plain text file `/home/teddy/.cache/pypath/535b06d53a59e75bb693369bc5fdc556-species.html`.
[2025-08-07 11:18:35] [curl] Contents of `/home/teddy/.cache/pypath/535b06d53a59e75bb693369bc5fdc556-species.html` has been read and the file has been closed.
[2025-08-07 11:18:37] [pypath] pypath
[2025-08-07 11:18:37] [curl] Creating Curl object to retrieve data from `https://www.ebi.ac.uk/unichem/api/v1/sources/`
[2025-08-07 11:18:37] [curl] Cache file path: `/home/teddy/.cache/pypath/b2a060ead30932cabb4a6e993539989e-`
[2025-08-07 11:18:37] [curl] Cache file found, no need for download.
[2025-08-07 11:18:37] [curl] Loading data from cache previously downloaded from `www.ebi.ac.uk`
[2025-08-07 11:18:37] [curl] Opening file `/home/teddy/.cache/pypath/b2a060ead30932cabb4a6e993539989e-`
[2025-08-07 11:18:37] [curl] Extracting data from file type `plain`
[2025-08-07 11:18:37] [curl] Opening plain text file `/home/teddy/.cache/pypath/b2a060ead30932cabb4a6e993539989e-`.
[2025-08-07 11:18:37] [curl] Contents of `/home/teddy/.cache/pypath/b2a060ead30932cabb4a6e993539989e-` has been read and the file has been closed.
[2025-08-07 11:18:37] [curl] File at `https://www.ebi.ac.uk/unichem/api/v1/sources/` successfully retrieved. Resulted file type `plain text, unicode string`. Local file at
                      `/home/teddy/.cache/pypath/b2a060ead30932cabb4a6e993539989e-`.
[2025-08-07 11:18:37] [ramp] Loading RaMP the list of ID types from `https://rampdb.nih.gov/api/id-types`.
[2025-08-07 11:18:37] [curl] Creating Curl object to retrieve data from `https://rampdb.nih.gov/api/id-types`
[2025-08-07 11:18:37] [curl] Cache file path: `/home/teddy/.cache/pypath/c058901753f61743bf55db935731cff1-id-types`
[2025-08-07 11:18:37] [curl] Cache file found, no need for download.
[2025-08-07 11:18:37] [curl] Opening plain text file `/home/teddy/.cache/pypath/c058901753f61743bf55db935731cff1-id-types`.
[2025-08-07 11:18:37] [curl] Contents of `/home/teddy/.cache/pypath/c058901753f61743bf55db935731cff1-id-types` has been read and the file has been closed.
[2025-08-07 11:18:38] [network_resources] Could not find data model for resource `Negatome` in set `negative`.
[2025-08-07 11:18:38] [network_resources] Could not find data model for resource `ORegAnno` in set `transcription_deprecated`.
[2025-08-07 11:18:38] [resource_controller] Loading resource information from JSON file: /home/teddy/miniconda3/envs/tkgdti/lib/python3.12/site-packages/pypath/resources/data/resources.json
[2025-08-07 11:18:38] [resource_controller] Resource information has been read from `/home/teddy/miniconda3/envs/tkgdti/lib/python3.12/site-packages/pypath/resources/data/resources.json`.
[2025-08-07 11:18:38] [licenses] Populating license database from directory `/home/teddy/miniconda3/envs/tkgdti/lib/python3.12/site-packages/pypath/data/licenses`.
[2025-08-07 11:18:38] [licenses] Added license `CC BY-SA 2.5` (purpose = commercial, sharing = alike, attrib = attrib).
[2025-08-07 11:18:38] [licenses] Added license `CC BY-NC 2.0` (purpose = academic, sharing = free, attrib = attrib).
[2025-08-07 11:18:38] [licenses] Added license `CC BY-NC-ND 4.0` (purpose = academic, sharing = noderiv, attrib = attrib).
[2025-08-07 11:18:38] [licenses] Added license `AFL 3.0` (purpose = academic, sharing = alike, attrib = attrib).
[2025-08-07 11:18:38] [licenses] Added license `NAR Open Access` (purpose = commercial, sharing = alike, attrib = attrib).
[2025-08-07 11:18:38] [licenses] Added license `CC BY-NC-SA 4.0` (purpose = academic, sharing = alike, attrib = attrib).
[2025-08-07 11:18:38] [licenses] Added license `Apache 2.0` (purpose = commercial, sharing = alike, attrib = attrib).
[2025-08-07 11:18:38] [licenses] Added license `EUL` (purpose = academic, sharing = alike, attrib = attrib).
[2025-08-07 11:18:38] [licenses] Added license `CC BY 2.5` (purpose = commercial, sharing = free, attrib = attrib).
[2025-08-07 11:18:38] [licenses] Added license `CellCellInteractions` (purpose = non_profit, sharing = alike, attrib = attrib).
[2025-08-07 11:18:38] [licenses] Added license `BioCarta` (purpose = academic, sharing = alike, attrib = attrib).
[2025-08-07 11:18:38] [licenses] Added license `PathwayCommons` (purpose = academic, sharing = alike, attrib = attrib).
[2025-08-07 11:18:38] [licenses] Added license `LGPLv3` (purpose = commercial, sharing = free, attrib = attrib).
[2025-08-07 11:18:38] [licenses] Added license `PDB` (purpose = commercial, sharing = free, attrib = attrib).
[2025-08-07 11:18:38] [licenses] Added license `CC BY 3.0` (purpose = commercial, sharing = free, attrib = attrib).
[2025-08-07 11:18:38] [licenses] Added license `No license` (purpose = ignore, sharing = ignore, attrib = attrib).
[2025-08-07 11:18:38] [licenses] Added license `DSL` (purpose = commercial, sharing = alike, attrib = attrib).
[2025-08-07 11:18:38] [licenses] Added license `miRTarBase` (purpose = academic, sharing = free, attrib = attrib).
[2025-08-07 11:18:38] [licenses] Added license `GPLv3` (purpose = commercial, sharing = alike, attrib = attrib).
[2025-08-07 11:18:38] [licenses] Added license `PhosphoNetworks` (purpose = non_profit, sharing = alike, attrib = attrib).
[2025-08-07 11:18:38] [licenses] Added license `MIT` (purpose = commercial, sharing = free, attrib = attrib).
[2025-08-07 11:18:38] [licenses] Added license `CC BY-NC-ND 3.0` (purpose = nonprofit, sharing = noderiv, attrib = attrib).
[2025-08-07 11:18:38] [licenses] Added license `CC BY-SA 4.0` (purpose = commercial, sharing = alike, attrib = attrib).
[2025-08-07 11:18:38] [licenses] Added license `MPPI` (purpose = commercial, sharing = free, attrib = attrib).
[2025-08-07 11:18:38] [licenses] Added license `CC BY-NC-SA 3.0` (purpose = academic, sharing = alike, attrib = attrib).
[2025-08-07 11:18:38] [licenses] Added license `CC BY-NC 4.0` (purpose = academic, sharing = free, attrib = attrib).
[2025-08-07 11:18:38] [licenses] Added license `CytoSig` (purpose = non_profit, sharing = alike, attrib = attrib).
[2025-08-07 11:18:38] [licenses] Added license `Kinase.com` (purpose = non_profit, sharing = alike, attrib = attrib).
[2025-08-07 11:18:38] [licenses] Added license `CC BY-SA 3.0` (purpose = commercial, sharing = alike, attrib = attrib).
[2025-08-07 11:18:38] [licenses] Added license `HPO` (purpose = academic, sharing = alike, attrib = attrib).
[2025-08-07 11:18:38] [licenses] Added license `CC BY 4.0` (purpose = commercial, sharing = free, attrib = attrib).
[2025-08-07 11:18:38] [licenses] Added license `CC BY-ND 4.0` (purpose = commercial, sharing = noderiv, attrib = attrib).
[2025-08-07 11:18:38] [licenses] Added license `Artistic-2.0` (purpose = commercial, sharing = alike, attrib = attrib).
